[debug] [2025-04-12T12:49:59.924Z] ----------------------------------------------------------------------
[debug] [2025-04-12T12:49:59.926Z] Command:       /home/anand/.nvm/versions/node/v20.18.1/bin/node /home/anand/.nvm/versions/node/v20.18.1/bin/firebase deploy
[debug] [2025-04-12T12:49:59.926Z] CLI Version:   13.29.2
[debug] [2025-04-12T12:49:59.926Z] Platform:      linux
[debug] [2025-04-12T12:49:59.926Z] Node Version:  v20.18.1
[debug] [2025-04-12T12:49:59.927Z] Time:          Sat Apr 12 2025 18:19:59 GMT+0530 (India Standard Time)
[debug] [2025-04-12T12:49:59.927Z] ----------------------------------------------------------------------
[debug] 
[debug] [2025-04-12T12:50:00.088Z] > command requires scopes: ["email","openid","https://www.googleapis.com/auth/cloudplatformprojects.readonly","https://www.googleapis.com/auth/firebase","https://www.googleapis.com/auth/cloud-platform"]
[debug] [2025-04-12T12:50:00.088Z] > authorizing via signed-in user (ultimatzanand@gmail.com)
[debug] [2025-04-12T12:50:00.088Z] [iam] checking project nodeact-com for permissions ["firebase.projects.get","firebasehosting.sites.update"]
[debug] [2025-04-12T12:50:00.089Z] Checked if tokens are valid: false, expires at: 1743673347613
[debug] [2025-04-12T12:50:00.089Z] Checked if tokens are valid: false, expires at: 1743673347613
[debug] [2025-04-12T12:50:00.089Z] > refreshing access token with scopes: []
[debug] [2025-04-12T12:50:00.090Z] >>> [apiv2][query] POST https://www.googleapis.com/oauth2/v3/token [none]
[debug] [2025-04-12T12:50:00.090Z] >>> [apiv2][body] POST https://www.googleapis.com/oauth2/v3/token [omitted]
[debug] [2025-04-12T12:50:00.559Z] <<< [apiv2][status] POST https://www.googleapis.com/oauth2/v3/token 200
[debug] [2025-04-12T12:50:00.560Z] <<< [apiv2][body] POST https://www.googleapis.com/oauth2/v3/token [omitted]
[debug] [2025-04-12T12:50:00.582Z] >>> [apiv2][query] POST https://cloudresourcemanager.googleapis.com/v1/projects/nodeact-com:testIamPermissions [none]
[debug] [2025-04-12T12:50:00.582Z] >>> [apiv2][(partial)header] POST https://cloudresourcemanager.googleapis.com/v1/projects/nodeact-com:testIamPermissions x-goog-quota-user=projects/nodeact-com
[debug] [2025-04-12T12:50:00.582Z] >>> [apiv2][body] POST https://cloudresourcemanager.googleapis.com/v1/projects/nodeact-com:testIamPermissions {"permissions":["firebase.projects.get","firebasehosting.sites.update"]}
[debug] [2025-04-12T12:50:02.192Z] <<< [apiv2][status] POST https://cloudresourcemanager.googleapis.com/v1/projects/nodeact-com:testIamPermissions 200
[debug] [2025-04-12T12:50:02.192Z] <<< [apiv2][body] POST https://cloudresourcemanager.googleapis.com/v1/projects/nodeact-com:testIamPermissions {}
[debug] [2025-04-12T12:50:02.193Z] [iam] error while checking permissions, command may fail: Authorization failed. This account is missing the following required permissions on project nodeact-com:

  firebase.projects.get
  firebasehosting.sites.update
[debug] [2025-04-12T12:50:02.193Z] Checked if tokens are valid: true, expires at: 1744465799560
[debug] [2025-04-12T12:50:02.193Z] Checked if tokens are valid: true, expires at: 1744465799560
[debug] [2025-04-12T12:50:02.194Z] >>> [apiv2][query] GET https://firebase.googleapis.com/v1beta1/projects/nodeact-com [none]
[debug] [2025-04-12T12:50:02.910Z] <<< [apiv2][status] GET https://firebase.googleapis.com/v1beta1/projects/nodeact-com 403
[debug] [2025-04-12T12:50:02.910Z] <<< [apiv2][body] GET https://firebase.googleapis.com/v1beta1/projects/nodeact-com {"error":{"code":403,"message":"The caller does not have permission","status":"PERMISSION_DENIED"}}
[debug] [2025-04-12T12:50:02.911Z] Request to https://firebase.googleapis.com/v1beta1/projects/nodeact-com had HTTP Error: 403, The caller does not have permission
[debug] [2025-04-12T12:50:03.113Z] FirebaseError: Request to https://firebase.googleapis.com/v1beta1/projects/nodeact-com had HTTP Error: 403, The caller does not have permission
    at responseToError (/home/anand/.nvm/versions/node/v20.18.1/lib/node_modules/firebase-tools/lib/responseToError.js:52:12)
    at RetryOperation._fn (/home/anand/.nvm/versions/node/v20.18.1/lib/node_modules/firebase-tools/lib/apiv2.js:312:77)
    at process.processTicksAndRejections (node:internal/process/task_queues:95:5)
[error] 
[error] Error: Failed to get Firebase project nodeact-com. Please make sure the project exists and your account has permission to access it.
